<?xml version="1.0" encoding="UTF-8"?>
<testng-results ignored="0" total="1" passed="0" failed="1" skipped="0">
  <reporter-output>
  </reporter-output>
  <suite started-at="2024-08-02T11:49:10 IST" name="Default suite" finished-at="2024-08-02T11:50:07 IST" duration-ms="57069">
    <groups>
      <group name="regression">
        <method signature="LE_01.le01TC()[pri:0, instance:testcase_repo.LE_01@2d52216b]" name="le01TC" class="testcase_repo.LE_01"/>
      </group> <!-- regression -->
    </groups>
    <test started-at="2024-08-02T11:49:10 IST" name="Default test" finished-at="2024-08-02T11:50:07 IST" duration-ms="57069">
      <class name="testcase_repo.LE_01">
        <test-method is-config="true" signature="createDbconnection()[pri:0, instance:testcase_repo.LE_01@2d52216b]" started-at="2024-08-02T11:49:10 IST" name="createDbconnection" finished-at="2024-08-02T11:49:10 IST" duration-ms="5" status="PASS">
          <reporter-output>
          </reporter-output>
        </test-method> <!-- createDbconnection -->
        <test-method is-config="true" signature="launchBrowser()[pri:0, instance:testcase_repo.LE_01@2d52216b]" started-at="2024-08-02T11:49:10 IST" name="launchBrowser" finished-at="2024-08-02T11:49:28 IST" duration-ms="18085" status="PASS">
          <reporter-output>
          </reporter-output>
        </test-method> <!-- launchBrowser -->
        <test-method is-config="true" signature="loginOperation()[pri:0, instance:testcase_repo.LE_01@2d52216b]" started-at="2024-08-02T11:49:28 IST" name="loginOperation" finished-at="2024-08-02T11:49:44 IST" duration-ms="16133" status="PASS">
          <reporter-output>
          </reporter-output>
        </test-method> <!-- loginOperation -->
        <test-method signature="le01TC()[pri:0, instance:testcase_repo.LE_01@2d52216b]" started-at="2024-08-02T11:49:44 IST" name="le01TC" finished-at="2024-08-02T11:50:03 IST" duration-ms="19488" status="FAIL">
          <exception class="java.lang.NullPointerException">
            <message>
              <![CDATA[Cannot invoke "org.openqa.selenium.WebElement.sendKeys(java.lang.CharSequence[])" because "this.firstname" is null]]>
            </message>
            <full-stacktrace>
              <![CDATA[java.lang.NullPointerException: Cannot invoke "org.openqa.selenium.WebElement.sendKeys(java.lang.CharSequence[])" because "this.firstname" is null
at ObjectRepo.CreatingLeadPage.createLead(CreatingLeadPage.java:64)
at testcase_repo.LE_01.le01TC(LE_01.java:32)
at java.base/jdk.internal.reflect.NativeMethodAccessorImpl.invoke0(Native Method)
at java.base/jdk.internal.reflect.NativeMethodAccessorImpl.invoke(NativeMethodAccessorImpl.java:77)
at java.base/jdk.internal.reflect.DelegatingMethodAccessorImpl.invoke(DelegatingMethodAccessorImpl.java:43)
at java.base/java.lang.reflect.Method.invoke(Method.java:568)
at org.testng.internal.MethodInvocationHelper.invokeMethod(MethodInvocationHelper.java:133)
at org.testng.internal.TestInvoker.invokeMethod(TestInvoker.java:598)
at org.testng.internal.TestInvoker.invokeTestMethod(TestInvoker.java:173)
at org.testng.internal.MethodRunner.runInSequence(MethodRunner.java:46)
at org.testng.internal.TestInvoker$MethodInvocationAgent.invoke(TestInvoker.java:824)
at org.testng.internal.TestInvoker.invokeTestMethods(TestInvoker.java:146)
at org.testng.internal.TestMethodWorker.invokeTestMethods(TestMethodWorker.java:146)
at org.testng.internal.TestMethodWorker.run(TestMethodWorker.java:128)
at java.base/java.util.ArrayList.forEach(ArrayList.java:1511)
at org.testng.TestRunner.privateRun(TestRunner.java:794)
at org.testng.TestRunner.run(TestRunner.java:596)
at org.testng.SuiteRunner.runTest(SuiteRunner.java:377)
at org.testng.SuiteRunner.runSequentially(SuiteRunner.java:371)
at org.testng.SuiteRunner.privateRun(SuiteRunner.java:332)
at org.testng.SuiteRunner.run(SuiteRunner.java:276)
at org.testng.SuiteRunnerWorker.runSuite(SuiteRunnerWorker.java:53)
at org.testng.SuiteRunnerWorker.run(SuiteRunnerWorker.java:96)
at org.testng.TestNG.runSuitesSequentially(TestNG.java:1212)
at org.testng.TestNG.runSuitesLocally(TestNG.java:1134)
at org.testng.TestNG.runSuites(TestNG.java:1063)
at org.testng.TestNG.run(TestNG.java:1031)
at org.testng.remote.AbstractRemoteTestNG.run(AbstractRemoteTestNG.java:115)
at org.testng.remote.RemoteTestNG.initAndRun(RemoteTestNG.java:293)
at org.testng.remote.RemoteTestNG.main(RemoteTestNG.java:91)
]]>
            </full-stacktrace>
          </exception> <!-- java.lang.NullPointerException -->
          <reporter-output>
          </reporter-output>
        </test-method> <!-- le01TC -->
        <test-method is-config="true" signature="logoutOperation()[pri:0, instance:testcase_repo.LE_01@2d52216b]" started-at="2024-08-02T11:50:03 IST" name="logoutOperation" finished-at="2024-08-02T11:50:06 IST" duration-ms="3165" status="PASS">
          <reporter-output>
          </reporter-output>
        </test-method> <!-- logoutOperation -->
        <test-method is-config="true" signature="closeBrowser()[pri:0, instance:testcase_repo.LE_01@2d52216b]" started-at="2024-08-02T11:50:06 IST" name="closeBrowser" finished-at="2024-08-02T11:50:07 IST" duration-ms="148" status="PASS">
          <reporter-output>
          </reporter-output>
        </test-method> <!-- closeBrowser -->
        <test-method is-config="true" signature="closeDbconnections()[pri:0, instance:testcase_repo.LE_01@2d52216b]" started-at="2024-08-02T11:50:07 IST" name="closeDbconnections" finished-at="2024-08-02T11:50:07 IST" duration-ms="1" status="PASS">
          <reporter-output>
          </reporter-output>
        </test-method> <!-- closeDbconnections -->
      </class> <!-- testcase_repo.LE_01 -->
    </test> <!-- Default test -->
  </suite> <!-- Default suite -->
</testng-results>
